<?xml version="1.0" encoding="UTF-8"?>
<robot generator="Robot 6.0.2 (Python 3.10.4 on win32)" generated="20230120 17:16:19.514" rpa="false" schemaversion="3">
<suite id="s1" name="Demo1 App Launch" source="C:\Users\40032114\robot_project\appium_suite\demo1_app_launch.robot">
<test id="s1-t1" name="TC2" line="17">
<kw name="Open Application" library="AppiumLibrary">
<arg>remote_url=http://localhost:4723/wd/hub</arg>
<arg>platformName=android</arg>
<arg>deviceName=motoonrfusionplus</arg>
<arg>app=C:${/}Users${/}40032114${/}androids${/}khan-academy-7-3-2.apk</arg>
<doc>Opens a new application to given Appium server.
Capabilities of appium server, Android and iOS,
Please check https://github.com/appium/appium/blob/master/docs/en/writing-running-appium/server-args.md
| *Option*            | *Man.* | *Description*     |
| remote_url          | Yes    | Appium server url |
| alias               | no     | alias             |
| strict_ssl          | No     | allows you to send commands to an invalid certificate host like a self-signed one. |</doc>
<status status="PASS" starttime="20230120 17:16:19.909" endtime="20230120 17:16:33.681"/>
</kw>
<kw name="Wait Until Page Contains Element" library="AppiumLibrary">
<arg>xpath=//*[@text='Dismiss']</arg>
<arg>30s</arg>
<doc>Waits until element specified with `locator` appears on current page.</doc>
<msg timestamp="20230120 17:16:38.151" level="INFO">xpath criteria: //*[@text='Dismiss']
xpath criteria: //*[@text='Dismiss']
xpath criteria: //*[@text='Dismiss']
xpath criteria: //*[@text='Dismiss']
xpath criteria: //*[@text='Dismiss']
xpath criteria: //*[@text='Dismiss']</msg>
<status status="PASS" starttime="20230120 17:16:33.683" endtime="20230120 17:16:38.151"/>
</kw>
<kw name="Click Element" library="AppiumLibrary">
<arg>xpath=//*[@text='Dismiss']</arg>
<doc>Click element identified by `locator`.</doc>
<msg timestamp="20230120 17:16:38.166" level="INFO">Clicking element 'xpath=//*[@text='Dismiss']'.</msg>
<msg timestamp="20230120 17:16:38.283" level="INFO">xpath criteria: //*[@text='Dismiss']</msg>
<status status="PASS" starttime="20230120 17:16:38.151" endtime="20230120 17:16:38.283"/>
</kw>
<kw name="Wait Until Page Contains Element" library="AppiumLibrary">
<arg>xpath=//android.widget.TextView[@text='Sign in']</arg>
<arg>30s</arg>
<doc>Waits until element specified with `locator` appears on current page.</doc>
<msg timestamp="20230120 17:16:39.485" level="INFO">xpath criteria: //android.widget.TextView[@text='Sign in']
xpath criteria: //android.widget.TextView[@text='Sign in']</msg>
<status status="PASS" starttime="20230120 17:16:38.283" endtime="20230120 17:16:39.485"/>
</kw>
<kw name="Click Element" library="AppiumLibrary">
<arg>xpath=//android.widget.TextView[@text='Sign in']</arg>
<doc>Click element identified by `locator`.</doc>
<msg timestamp="20230120 17:16:39.490" level="INFO">Clicking element 'xpath=//android.widget.TextView[@text='Sign in']'.</msg>
<msg timestamp="20230120 17:16:39.624" level="INFO">xpath criteria: //android.widget.TextView[@text='Sign in']</msg>
<status status="PASS" starttime="20230120 17:16:39.486" endtime="20230120 17:16:39.624"/>
</kw>
<kw name="Wait Until Page Contains Element" library="AppiumLibrary">
<arg>xpath=//android.widget.TextView[@text='Sign in']</arg>
<arg>30s</arg>
<doc>Waits until element specified with `locator` appears on current page.</doc>
<msg timestamp="20230120 17:16:40.290" level="INFO">xpath criteria: //android.widget.TextView[@text='Sign in']</msg>
<status status="PASS" starttime="20230120 17:16:39.624" endtime="20230120 17:16:40.290"/>
</kw>
<kw name="Click Element" library="AppiumLibrary">
<arg>xpath=//android.widget.TextView[@text='Sign in']</arg>
<doc>Click element identified by `locator`.</doc>
<msg timestamp="20230120 17:16:40.306" level="INFO">Clicking element 'xpath=//android.widget.TextView[@text='Sign in']'.</msg>
<msg timestamp="20230120 17:16:41.143" level="INFO">xpath criteria: //android.widget.TextView[@text='Sign in']</msg>
<status status="PASS" starttime="20230120 17:16:40.290" endtime="20230120 17:16:41.143"/>
</kw>
<kw name="Wait Until Page Contains Element" library="AppiumLibrary">
<arg>xpath=//android.widget.EditText[@content-desc="Enter an e-mail address or username"]</arg>
<arg>30s</arg>
<doc>Waits until element specified with `locator` appears on current page.</doc>
<msg timestamp="20230120 17:16:41.244" level="INFO">xpath criteria: //android.widget.EditText[@content-desc="Enter an e-mail address or username"]</msg>
<status status="PASS" starttime="20230120 17:16:41.143" endtime="20230120 17:16:41.244"/>
</kw>
<kw name="Input Text" library="AppiumLibrary">
<arg>xpath=//android.widget.EditText[@content-desc="Enter an e-mail address or username"]</arg>
<arg>ken@gmail.com</arg>
<doc>Types the given `text` into text field identified by `locator`.</doc>
<msg timestamp="20230120 17:16:41.244" level="INFO">Typing text 'ken@gmail.com' into text field 'xpath=//android.widget.EditText[@content-desc="Enter an e-mail address or username"]'</msg>
<msg timestamp="20230120 17:16:41.413" level="INFO">xpath criteria: //android.widget.EditText[@content-desc="Enter an e-mail address or username"]</msg>
<status status="PASS" starttime="20230120 17:16:41.244" endtime="20230120 17:16:41.413"/>
</kw>
<kw name="Wait Until Page Contains Element" library="AppiumLibrary">
<arg>xpath=//android.widget.EditText[@content-desc="Password"]</arg>
<arg>30s</arg>
<doc>Waits until element specified with `locator` appears on current page.</doc>
<msg timestamp="20230120 17:16:42.014" level="INFO">xpath criteria: //android.widget.EditText[@content-desc="Password"]</msg>
<status status="PASS" starttime="20230120 17:16:41.413" endtime="20230120 17:16:42.014"/>
</kw>
<kw name="Input Text" library="AppiumLibrary">
<arg>xpath=//android.widget.EditText[@content-desc="Password"]</arg>
<arg>ken123</arg>
<doc>Types the given `text` into text field identified by `locator`.</doc>
<msg timestamp="20230120 17:16:42.014" level="INFO">Typing text 'ken123' into text field 'xpath=//android.widget.EditText[@content-desc="Password"]'</msg>
<msg timestamp="20230120 17:16:42.264" level="INFO">xpath criteria: //android.widget.EditText[@content-desc="Password"]</msg>
<status status="PASS" starttime="20230120 17:16:42.014" endtime="20230120 17:16:42.264"/>
</kw>
<kw name="Wait Until Page Contains Element" library="AppiumLibrary">
<arg>xpath=//android.widget.Button[@content-desc="Sign in"]/android.widget.TextView</arg>
<arg>30s</arg>
<doc>Waits until element specified with `locator` appears on current page.</doc>
<msg timestamp="20230120 17:16:42.847" level="INFO">xpath criteria: //android.widget.Button[@content-desc="Sign in"]/android.widget.TextView</msg>
<status status="PASS" starttime="20230120 17:16:42.265" endtime="20230120 17:16:42.862"/>
</kw>
<kw name="Click Element" library="AppiumLibrary">
<arg>xpath=//android.widget.Button[@content-desc="Sign in"]/android.widget.TextView</arg>
<doc>Click element identified by `locator`.</doc>
<msg timestamp="20230120 17:16:42.862" level="INFO">Clicking element 'xpath=//android.widget.Button[@content-desc="Sign in"]/android.widget.TextView'.</msg>
<msg timestamp="20230120 17:16:43.031" level="INFO">xpath criteria: //android.widget.Button[@content-desc="Sign in"]/android.widget.TextView</msg>
<status status="PASS" starttime="20230120 17:16:42.862" endtime="20230120 17:16:43.032"/>
</kw>
<kw name="Wait Until Page Contains Element" library="AppiumLibrary">
<arg>xpath=//*[contains(@text,'issue')]</arg>
<arg>30s</arg>
<doc>Waits until element specified with `locator` appears on current page.</doc>
<msg timestamp="20230120 17:16:44.452" level="INFO">xpath criteria: //*[contains(@text,'issue')]
xpath criteria: //*[contains(@text,'issue')]</msg>
<status status="PASS" starttime="20230120 17:16:43.032" endtime="20230120 17:16:44.452"/>
</kw>
<kw name="Element Should Contain Text" library="AppiumLibrary">
<arg>xpath=//*[contains(@text,'issue')]</arg>
<arg>There was an issue signing in</arg>
<doc>Verifies element identified by ``locator`` contains text ``expected``.</doc>
<msg timestamp="20230120 17:16:44.452" level="INFO">Verifying element 'xpath=//*[contains(@text,'issue')]' contains text 'There was an issue signing in'.</msg>
<msg timestamp="20230120 17:16:44.615" level="INFO">xpath criteria: //*[contains(@text,'issue')]</msg>
<status status="PASS" starttime="20230120 17:16:44.452" endtime="20230120 17:16:44.615"/>
</kw>
<kw name="Sleep" library="BuiltIn">
<arg>5s</arg>
<doc>Pauses the test executed for the given time.</doc>
<msg timestamp="20230120 17:16:49.630" level="INFO">Slept 5 seconds</msg>
<status status="PASS" starttime="20230120 17:16:44.615" endtime="20230120 17:16:49.630"/>
</kw>
<kw name="Close Application" library="AppiumLibrary" type="TEARDOWN">
<doc>Closes the current application and also close webdriver session.</doc>
<status status="PASS" starttime="20230120 17:16:49.630" endtime="20230120 17:16:50.333"/>
</kw>
<status status="PASS" starttime="20230120 17:16:19.909" endtime="20230120 17:16:50.333"/>
</test>
<status status="PASS" starttime="20230120 17:16:19.520" endtime="20230120 17:16:50.335"/>
</suite>
<statistics>
<total>
<stat pass="1" fail="0" skip="0">All Tests</stat>
</total>
<tag>
</tag>
<suite>
<stat pass="1" fail="0" skip="0" id="s1" name="Demo1 App Launch">Demo1 App Launch</stat>
</suite>
</statistics>
<errors>
</errors>
</robot>
