<?xml version="1.0" encoding="UTF-8"?>
<robot generator="Robot 6.0.2 (Python 3.10.4 on win32)" generated="20230127 11:02:49.492" rpa="false" schemaversion="3">
<suite id="s1" name="Demo2" source="C:\Users\40032114\robot_project\api_suite\demo2.robot">
<test id="s1-t1" name="TC3" line="17">
<kw name="Create Session" library="RequestsLibrary">
<arg>alias=petshop</arg>
<arg>url=https://petstore.swagger.io/v2</arg>
<doc>Create Session: create a HTTP session to a server</doc>
<msg timestamp="20230127 11:02:49.735" level="INFO">Creating Session using : alias=petshop, url=https://petstore.swagger.io/v2, headers={},                     cookies={}, auth=None, timeout=None, proxies=None, verify=False,                     debug=0 </msg>
<status status="PASS" starttime="20230127 11:02:49.735" endtime="20230127 11:02:49.735"/>
</kw>
<kw name="GET On Session" library="RequestsLibrary">
<var>${response}</var>
<arg>alias=petshop</arg>
<arg>url=pet/findByStatus?status=sold</arg>
<doc>Sends a GET request on a previously created HTTP Session.</doc>
<msg timestamp="20230127 11:02:50.667" level="INFO">GET Request : url=https://petstore.swagger.io/v2/pet/findByStatus?status=sold 
 path_url=/v2/pet/findByStatus?status=sold 
 headers={'User-Agent': 'python-requests/2.28.2', 'Accept-Encoding': 'gzip, deflate', 'Accept': '*/*', 'Connection': 'keep-alive'} 
 body=None 
 </msg>
<msg timestamp="20230127 11:02:50.667" level="INFO">GET Response : url=https://petstore.swagger.io/v2/pet/findByStatus?status=sold 
 status=200, reason=OK 
 headers={'Date': 'Fri, 27 Jan 2023 05:32:50 GMT', 'Content-Type': 'application/json', 'Transfer-Encoding': 'chunked', 'Connection': 'keep-alive', 'Access-Control-Allow-Origin': '*', 'Access-Control-Allow-Methods': 'GET, POST, DELETE, PUT', 'Access-Control-Allow-Headers': 'Content-Type, api_key, Authorization', 'Server': 'Jetty(9.2.9.v20150224)'} 
 body=[{"id":9223372016900013961,"category":{"id":-41236579,"name":"proident eu"},"name":"doggie","photoUrls":["http://img2.joyreactor.cc/pics/post/%D0%BA%D1%80%D0%B0%D1%81%D0%B0%D0%B2%D0%B8%D1%86%D0%B0-%D0%BF%D0%B5%D1%81%D0%BE%D1%87%D0%BD%D0%B8%D1%86%D0%B0-2720769.jpeg"],"tags":[{"id":75889240,"name":"nostrud pariatur ullamco"},{"id":34200791,"name":"veniam incididunt do"}],"status":"sold"},{"id":9223372016900014183,"category":{"id":83089521,"name":"aute"},"name":"doggie","photoUrls":["esse ea dese","proident sunt non"],"tags":[{"id":-7333794,"name":"deserunt reprehenderit"},{"id":-49874740,"name":"consequat aliqua magna officia"}],"status":"sold"},{"id":111111,"category":{"id":11111,"name":"string"},"name":"puppy","photoUrls":["string"],"tags":[{"id":111,"name":"string"}],"status":"sold"},{"id":9223372016900014191,"category":{"id":2299282,"name":"officia d"},"name":"doggie","photoUrls":["veniam ad","consectetur laboris anim"],"tags":[{"id":6282852,"name":"aliqua deserunt irure do Excepteur"},{"id":-79344316,"name":"dolor veniam non Ut"}],"status":"sold"},{"id":13,"category":{"id":0,"name":"cats"},"photoUrls":["string"],"tags":[{"id":0,"name":"string"}],"status":"sold"},{"id":2020,"category":{"id":0,"name":"ret"},"name":"Пончик","photoUrls":["https://druzhniy-center.ru/wp-content/uploads/e/e/6/ee67a70c2c33739d84bec4d0797e4b97.jpeg"],"tags":[{"id":0,"name":"#pets"}],"status":"sold"}] 
 </msg>
<msg timestamp="20230127 11:02:50.667" level="INFO">C:\Users\40032114\AppData\Local\Programs\Python\Python310\lib\site-packages\urllib3\connectionpool.py:1045: InsecureRequestWarning: Unverified HTTPS request is being made to host 'petstore.swagger.io'. Adding certificate verification is strongly advised. See: https://urllib3.readthedocs.io/en/1.26.x/advanced-usage.html#ssl-warnings
  warnings.warn(</msg>
<msg timestamp="20230127 11:02:50.667" level="INFO">${response} = &lt;Response [200]&gt;</msg>
<status status="PASS" starttime="20230127 11:02:49.735" endtime="20230127 11:02:50.667"/>
</kw>
<kw name="Status Should Be" library="RequestsLibrary">
<arg>200</arg>
<doc>Fails if response status code is different than the expected.</doc>
<status status="PASS" starttime="20230127 11:02:50.667" endtime="20230127 11:02:50.667"/>
</kw>
<kw name="Log" library="BuiltIn">
<arg>${response.json()}[0][id]</arg>
<doc>Logs the given message with the given level.</doc>
<msg timestamp="20230127 11:02:50.667" level="INFO">9223372016900013961</msg>
<status status="PASS" starttime="20230127 11:02:50.667" endtime="20230127 11:02:50.667"/>
</kw>
<status status="PASS" starttime="20230127 11:02:49.735" endtime="20230127 11:02:50.667"/>
</test>
<status status="PASS" starttime="20230127 11:02:49.507" endtime="20230127 11:02:50.667"/>
</suite>
<statistics>
<total>
<stat pass="1" fail="0" skip="0">All Tests</stat>
</total>
<tag>
</tag>
<suite>
<stat pass="1" fail="0" skip="0" id="s1" name="Demo2">Demo2</stat>
</suite>
</statistics>
<errors>
</errors>
</robot>
