<?xml version="1.0" encoding="UTF-8"?>
<robot generator="Robot 6.0.2 (Python 3.10.4 on win32)" generated="20230118 15:51:26.581" rpa="false" schemaversion="3">
<suite id="s1" name="Demo11 Advance" source="C:\Users\40032114\robot_project\selinium_suit\demo11_advance.robot">
<test id="s1-t1" name="TC2" line="12">
<kw name="Open Browser" library="SeleniumLibrary">
<arg>browser=chrome</arg>
<doc>Opens a new browser instance to the optional ``url``.</doc>
<msg timestamp="20230118 15:51:26.829" level="INFO">Opening browser 'chrome' to base url 'None'.</msg>
<status status="PASS" starttime="20230118 15:51:26.829" endtime="20230118 15:51:28.762"/>
</kw>
<kw name="Maximize Browser Window" library="SeleniumLibrary">
<doc>Maximizes current browser window.</doc>
<status status="PASS" starttime="20230118 15:51:28.763" endtime="20230118 15:51:28.892"/>
</kw>
<kw name="Set Selenium Implicit Wait" library="SeleniumLibrary">
<arg>30s</arg>
<doc>Sets the implicit wait value used by Selenium.</doc>
<status status="PASS" starttime="20230118 15:51:28.892" endtime="20230118 15:51:28.901"/>
</kw>
<kw name="Go To" library="SeleniumLibrary">
<arg>url=https://www.facebook.com/</arg>
<doc>Navigates the current browser window to the provided ``url``.</doc>
<msg timestamp="20230118 15:51:28.903" level="INFO">Opening url 'https://www.facebook.com/'</msg>
<status status="PASS" starttime="20230118 15:51:28.902" endtime="20230118 15:51:30.888"/>
</kw>
<kw name="Input Text" library="SeleniumLibrary">
<arg>css=#email</arg>
<arg>leon</arg>
<doc>Types the given ``text`` into the text field identified by ``locator``.</doc>
<msg timestamp="20230118 15:51:30.888" level="INFO">Typing text 'leon' into text field 'css=#email'.</msg>
<status status="PASS" starttime="20230118 15:51:30.888" endtime="20230118 15:51:30.976"/>
</kw>
<kw name="Input Password" library="SeleniumLibrary">
<arg>css=#pass</arg>
<arg>pass123</arg>
<doc>Types the given password into the text field identified by ``locator``.</doc>
<msg timestamp="20230118 15:51:30.976" level="INFO">Typing password into text field 'css=#pass'.</msg>
<msg timestamp="20230118 15:51:31.015" level="INFO">Temporally setting log level to: NONE</msg>
<msg timestamp="20230118 15:51:31.084" level="INFO">Log level changed from NONE to INFO.</msg>
<status status="PASS" starttime="20230118 15:51:30.976" endtime="20230118 15:51:31.085"/>
</kw>
<kw name="Click Element" library="SeleniumLibrary">
<arg>css=button[name='login']</arg>
<doc>Click the element identified by ``locator``.</doc>
<msg timestamp="20230118 15:51:31.088" level="INFO">Clicking element 'css=button[name='login']'.</msg>
<status status="PASS" starttime="20230118 15:51:31.085" endtime="20230118 15:51:31.184"/>
</kw>
<status status="PASS" starttime="20230118 15:51:26.822" endtime="20230118 15:51:31.184"/>
</test>
<status status="PASS" starttime="20230118 15:51:26.589" endtime="20230118 15:51:31.184"/>
</suite>
<statistics>
<total>
<stat pass="1" fail="0" skip="0">All Tests</stat>
</total>
<tag>
</tag>
<suite>
<stat pass="1" fail="0" skip="0" id="s1" name="Demo11 Advance">Demo11 Advance</stat>
</suite>
</statistics>
<errors>
</errors>
</robot>
