<?xml version="1.0" encoding="UTF-8"?>
<robot generator="Robot 6.0.2 (Python 3.10.4 on win32)" generated="20230124 11:16:04.846" rpa="false" schemaversion="3">
<suite id="s1" name="Demo12 Open Emr" source="C:\Users\40032114\robot_project\selinium_suit\demo12_open_emr.robot">
<test id="s1-t1" name="TC1" line="5">
<kw name="Open Browser" library="SeleniumLibrary">
<arg>url=http://demo.openemr.io/b/openemr/</arg>
<arg>browser=chrome</arg>
<doc>Opens a new browser instance to the optional ``url``.</doc>
<msg timestamp="20230124 11:16:05.164" level="INFO">Opening browser 'chrome' to base url 'http://demo.openemr.io/b/openemr/'.</msg>
<status status="PASS" starttime="20230124 11:16:05.164" endtime="20230124 11:16:20.158"/>
</kw>
<kw name="Maximize Browser Window" library="SeleniumLibrary">
<doc>Maximizes current browser window.</doc>
<status status="PASS" starttime="20230124 11:16:20.159" endtime="20230124 11:16:20.291"/>
</kw>
<kw name="Set Selenium Implicit Wait" library="SeleniumLibrary">
<arg>10s</arg>
<doc>Sets the implicit wait value used by Selenium.</doc>
<status status="PASS" starttime="20230124 11:16:20.291" endtime="20230124 11:16:20.297"/>
</kw>
<kw name="Input Text" library="SeleniumLibrary">
<arg>locator=id:authUser</arg>
<arg>text=admin</arg>
<doc>Types the given ``text`` into the text field identified by ``locator``.</doc>
<msg timestamp="20230124 11:16:20.299" level="INFO">Typing text 'admin' into text field 'id:authUser'.</msg>
<status status="PASS" starttime="20230124 11:16:20.297" endtime="20230124 11:16:20.398"/>
</kw>
<kw name="Input Password" library="SeleniumLibrary">
<arg>id:clearPass</arg>
<arg>pass</arg>
<doc>Types the given password into the text field identified by ``locator``.</doc>
<msg timestamp="20230124 11:16:20.400" level="INFO">Typing password into text field 'id:clearPass'.</msg>
<msg timestamp="20230124 11:16:20.436" level="INFO">Temporally setting log level to: NONE</msg>
<msg timestamp="20230124 11:16:20.503" level="INFO">Log level changed from NONE to INFO.</msg>
<status status="PASS" starttime="20230124 11:16:20.399" endtime="20230124 11:16:20.504"/>
</kw>
<kw name="Click Element" library="SeleniumLibrary">
<arg>xpath=//select[@name='languageChoice']</arg>
<doc>Click the element identified by ``locator``.</doc>
<msg timestamp="20230124 11:16:20.505" level="INFO">Clicking element 'xpath=//select[@name='languageChoice']'.</msg>
<status status="PASS" starttime="20230124 11:16:20.504" endtime="20230124 11:16:20.581"/>
</kw>
<kw name="Select From List By Label" library="SeleniumLibrary">
<arg>xpath=//select[@name='languageChoice']</arg>
<arg>English (Indian)</arg>
<doc>Selects options from selection list ``locator`` by ``labels``.</doc>
<msg timestamp="20230124 11:16:20.582" level="INFO">Selecting options from selection list 'xpath=//select[@name='languageChoice']' by label English (Indian).</msg>
<status status="PASS" starttime="20230124 11:16:20.582" endtime="20230124 11:16:20.669"/>
</kw>
<kw name="Click Element" library="SeleniumLibrary">
<arg>xpath=//button[@id='login-button']</arg>
<doc>Click the element identified by ``locator``.</doc>
<msg timestamp="20230124 11:16:20.671" level="INFO">Clicking element 'xpath=//button[@id='login-button']'.</msg>
<status status="PASS" starttime="20230124 11:16:20.670" endtime="20230124 11:16:27.327"/>
</kw>
<kw name="Mouse Over" library="SeleniumLibrary">
<arg>xpath=//div[text()='Patient']</arg>
<doc>Simulates hovering the mouse over the element ``locator``.</doc>
<msg timestamp="20230124 11:16:27.329" level="INFO">Simulating Mouse Over on element 'xpath=//div[text()='Patient']'.</msg>
<status status="PASS" starttime="20230124 11:16:27.328" endtime="20230124 11:16:27.622"/>
</kw>
<kw name="Click Element" library="SeleniumLibrary">
<arg>xpath=//div[text()='New/Search']</arg>
<doc>Click the element identified by ``locator``.</doc>
<msg timestamp="20230124 11:16:27.622" level="INFO">Clicking element 'xpath=//div[text()='New/Search']'.</msg>
<status status="PASS" starttime="20230124 11:16:27.622" endtime="20230124 11:16:27.698"/>
</kw>
<kw name="Select Frame" library="SeleniumLibrary">
<arg>xpath=//iframe[@src='/b/openemr/interface/new/new.php']</arg>
<doc>Sets frame identified by ``locator`` as the current frame.</doc>
<msg timestamp="20230124 11:16:27.700" level="INFO">Selecting frame 'xpath=//iframe[@src='/b/openemr/interface/new/new.php']'.</msg>
<status status="PASS" starttime="20230124 11:16:27.699" endtime="20230124 11:16:29.648"/>
</kw>
<kw name="Click Element" library="SeleniumLibrary">
<arg>xpath=//input[@id='form_fname']</arg>
<doc>Click the element identified by ``locator``.</doc>
<msg timestamp="20230124 11:16:29.651" level="INFO">Clicking element 'xpath=//input[@id='form_fname']'.</msg>
<status status="PASS" starttime="20230124 11:16:29.649" endtime="20230124 11:16:29.948"/>
</kw>
<kw name="Input Text" library="SeleniumLibrary">
<arg>id:form_fname</arg>
<arg>ken</arg>
<doc>Types the given ``text`` into the text field identified by ``locator``.</doc>
<msg timestamp="20230124 11:16:29.949" level="INFO">Typing text 'ken' into text field 'id:form_fname'.</msg>
<status status="PASS" starttime="20230124 11:16:29.949" endtime="20230124 11:16:30.023"/>
</kw>
<kw name="Click Element" library="SeleniumLibrary">
<arg>xpath=//input[@id='form_lname']</arg>
<doc>Click the element identified by ``locator``.</doc>
<msg timestamp="20230124 11:16:30.024" level="INFO">Clicking element 'xpath=//input[@id='form_lname']'.</msg>
<status status="PASS" starttime="20230124 11:16:30.023" endtime="20230124 11:16:30.139"/>
</kw>
<kw name="Input Text" library="SeleniumLibrary">
<arg>id:form_lname</arg>
<arg>leo</arg>
<doc>Types the given ``text`` into the text field identified by ``locator``.</doc>
<msg timestamp="20230124 11:16:30.141" level="INFO">Typing text 'leo' into text field 'id:form_lname'.</msg>
<status status="PASS" starttime="20230124 11:16:30.140" endtime="20230124 11:16:30.316"/>
</kw>
<kw name="Click Element" library="SeleniumLibrary">
<arg>xpath=//input[@id='form_DOB']</arg>
<doc>Click the element identified by ``locator``.</doc>
<msg timestamp="20230124 11:16:30.317" level="INFO">Clicking element 'xpath=//input[@id='form_DOB']'.</msg>
<status status="PASS" starttime="20230124 11:16:30.316" endtime="20230124 11:16:30.433"/>
</kw>
<kw name="Input Text" library="SeleniumLibrary">
<arg>id:form_DOB</arg>
<arg>24/01/2023</arg>
<doc>Types the given ``text`` into the text field identified by ``locator``.</doc>
<msg timestamp="20230124 11:16:30.436" level="INFO">Typing text '24/01/2023' into text field 'id:form_DOB'.</msg>
<status status="PASS" starttime="20230124 11:16:30.434" endtime="20230124 11:16:30.642"/>
</kw>
<kw name="Select From List By Label" library="SeleniumLibrary">
<arg>name:form_sex</arg>
<arg>Male</arg>
<doc>Selects options from selection list ``locator`` by ``labels``.</doc>
<msg timestamp="20230124 11:16:30.644" level="INFO">Selecting options from selection list 'name:form_sex' by label Male.</msg>
<status status="PASS" starttime="20230124 11:16:30.642" endtime="20230124 11:16:30.745"/>
</kw>
<kw name="Click Element" library="SeleniumLibrary">
<arg>xpath=//button[@id='create']</arg>
<doc>Click the element identified by ``locator``.</doc>
<msg timestamp="20230124 11:16:30.761" level="INFO">Clicking element 'xpath=//button[@id='create']'.</msg>
<status status="PASS" starttime="20230124 11:16:30.745" endtime="20230124 11:16:30.934"/>
</kw>
<kw name="Unselect Frame" library="SeleniumLibrary">
<doc>Sets the main frame as the current frame.</doc>
<status status="PASS" starttime="20230124 11:16:30.935" endtime="20230124 11:16:30.942"/>
</kw>
<kw name="Select Frame" library="SeleniumLibrary">
<arg>xpath=//iframe[@id='modalframe']</arg>
<doc>Sets frame identified by ``locator`` as the current frame.</doc>
<msg timestamp="20230124 11:16:30.943" level="INFO">Selecting frame 'xpath=//iframe[@id='modalframe']'.</msg>
<status status="PASS" starttime="20230124 11:16:30.942" endtime="20230124 11:16:31.516"/>
</kw>
<kw name="Click Element" library="SeleniumLibrary">
<arg>xpath=//input[@value='Confirm Create New Patient']</arg>
<doc>Click the element identified by ``locator``.</doc>
<msg timestamp="20230124 11:16:31.520" level="INFO">Clicking element 'xpath=//input[@value='Confirm Create New Patient']'.</msg>
<status status="PASS" starttime="20230124 11:16:31.516" endtime="20230124 11:16:31.642"/>
</kw>
<kw name="Handle Alert" library="SeleniumLibrary">
<var>${alert_text}</var>
<arg>action=ACCEPT</arg>
<arg>timeout=30s</arg>
<doc>Handles the current alert and returns its message.</doc>
<msg timestamp="20230124 11:16:31.644" level="INFO">HANDLE::&lt;class 'datetime.timedelta'&gt;::0:00:30</msg>
<msg timestamp="20230124 11:16:36.740" level="INFO">${alert_text} = New Due Clinical Reminders  Assessment: Tobacco  (See the Clinical Reminders widget for more details)</msg>
<status status="PASS" starttime="20230124 11:16:31.643" endtime="20230124 11:16:36.741"/>
</kw>
<kw name="Log To Console" library="BuiltIn">
<arg>${alert_text}</arg>
<doc>Logs the given message to the console.</doc>
<status status="PASS" starttime="20230124 11:16:36.741" endtime="20230124 11:16:36.742"/>
</kw>
<kw name="Click Element" library="SeleniumLibrary">
<arg>xpath=//div[@class='closeDlgIframe']</arg>
<doc>Click the element identified by ``locator``.</doc>
<msg timestamp="20230124 11:16:36.749" level="INFO">Clicking element 'xpath=//div[@class='closeDlgIframe']'.</msg>
<status status="PASS" starttime="20230124 11:16:36.744" endtime="20230124 11:16:36.838"/>
</kw>
<kw name="Should Contain" library="BuiltIn">
<arg>xpath=//*[contains(text(),'ken leo')]</arg>
<arg>ken leo</arg>
<doc>Fails if ``container`` does not contain ``item`` one or more times.</doc>
<status status="PASS" starttime="20230124 11:16:36.838" endtime="20230124 11:16:36.839"/>
</kw>
<status status="PASS" starttime="20230124 11:16:05.164" endtime="20230124 11:16:36.840"/>
</test>
<status status="PASS" starttime="20230124 11:16:04.851" endtime="20230124 11:16:36.843"/>
</suite>
<statistics>
<total>
<stat pass="1" fail="0" skip="0">All Tests</stat>
</total>
<tag>
</tag>
<suite>
<stat pass="1" fail="0" skip="0" id="s1" name="Demo12 Open Emr">Demo12 Open Emr</stat>
</suite>
</statistics>
<errors>
</errors>
</robot>
